<?xml version="1.0" encoding="UTF-8"?>
<testng-results skipped="0" failed="0" ignored="0" total="1" passed="1">
  <reporter-output>
  </reporter-output>
  <suite name="Default suite" duration-ms="35577" started-at="2020-05-18T11:31:08 IST" finished-at="2020-05-18T11:31:43 IST">
    <groups>
    </groups>
    <test name="Default test" duration-ms="35577" started-at="2020-05-18T11:31:08 IST" finished-at="2020-05-18T11:31:43 IST">
      <class name="testscripts.Regressiontest">
        <test-method status="PASS" signature="beforeMethod()[pri:0, instance:testscripts.Regressiontest@34c4973]" name="beforeMethod" is-config="true" duration-ms="22477" started-at="2020-05-18T11:31:08 IST" finished-at="2020-05-18T11:31:30 IST">
          <reporter-output>
          </reporter-output>
        </test-method> <!-- beforeMethod -->
        <test-method status="PASS" signature="verifyRemoveFileOnRemoveBtnClickInCreateTimeSheetPage()[pri:0, instance:testscripts.Regressiontest@34c4973]" name="verifyRemoveFileOnRemoveBtnClickInCreateTimeSheetPage" duration-ms="13025" started-at="2020-05-18T11:31:30 IST" finished-at="2020-05-18T11:31:43 IST">
          <reporter-output>
          </reporter-output>
        </test-method> <!-- verifyRemoveFileOnRemoveBtnClickInCreateTimeSheetPage -->
        <test-method status="PASS" signature="afterMethod(org.testng.ITestResult)[pri:0, instance:testscripts.Regressiontest@34c4973]" name="afterMethod" is-config="true" duration-ms="8" started-at="2020-05-18T11:31:43 IST" finished-at="2020-05-18T11:31:43 IST">
          <params>
            <param index="0">
              <value>
                <![CDATA[[TestResult name=verifyRemoveFileOnRemoveBtnClickInCreateTimeSheetPage status=SUCCESS method=Regressiontest.verifyRemoveFileOnRemoveBtnClickInCreateTimeSheetPage()[pri:0, instance:testscripts.Regressiontest@34c4973] output={null}]]]>
              </value>
            </param>
          </params>
          <reporter-output>
          </reporter-output>
        </test-method> <!-- afterMethod -->
      </class> <!-- testscripts.Regressiontest -->
    </test> <!-- Default test -->
  </suite> <!-- Default suite -->
</testng-results>
